<?xml version="1.0" encoding="UTF-8"?>
<!-- Generated by org.testng.reporters.JUnitReportReporter -->
<testsuite hostname="admichy-PC" name="com.example.websocket.test.NewTest" tests="1" failures="0" timestamp="12 Apr 2018 05:51:23 GMT" time="40.699" errors="0">
  <testcase name="f" time="40.699" classname="com.example.websocket.test.NewTest"/>
</testsuite> <!-- com.example.websocket.test.NewTest -->
