<?xml version="1.0" encoding="UTF-8"?>
<!-- Generated by org.testng.reporters.JUnitReportReporter -->
<testsuite hostname="admichy-PC" name="com.example.websocket.test.Demo" tests="5" failures="0" timestamp="3 May 2018 06:27:57 GMT" time="0.037" errors="0">
  <testcase name="t2" time="0.004" classname="com.example.websocket.test.Demo"/>
  <testcase name="t3" time="0.003" classname="com.example.websocket.test.Demo"/>
  <testcase name="t4" time="0.003" classname="com.example.websocket.test.Demo"/>
  <testcase name="t1" time="0.020" classname="com.example.websocket.test.Demo"/>
  <testcase name="t5" time="0.007" classname="com.example.websocket.test.Demo"/>
</testsuite> <!-- com.example.websocket.test.Demo -->
