<?xml version="1.0" encoding="UTF-8"?>
<!-- Generated by org.testng.reporters.JUnitReportReporter -->
<testsuite hostname="admichy-PC" name="com.example.websocket.test.FlightTest" tests="2" failures="0" timestamp="2 May 2018 06:14:51 GMT" time="24.228" errors="0">
  <testcase name="testA1" time="12.115" classname="com.example.websocket.test.FlightTest"/>
  <testcase name="testD1" time="12.113" classname="com.example.websocket.test.FlightTest"/>
</testsuite> <!-- com.example.websocket.test.FlightTest -->
