<?xml version="1.0" encoding="UTF-8"?>
<!-- Generated by org.testng.reporters.JUnitReportReporter -->
<testsuite hostname="admichy-PC" name="com.example.websocket.test.BirdTest" tests="1" failures="0" timestamp="25 Apr 2018 02:12:41 GMT" time="0.017" errors="0">
  <testcase name="f" time="0.017" classname="com.example.websocket.test.BirdTest"/>
</testsuite> <!-- com.example.websocket.test.BirdTest -->
