<?xml version="1.0" encoding="UTF-8"?>
<!-- Generated by org.testng.reporters.JUnitReportReporter -->
<testsuite hostname="admichy-PC" name="com.example.websocket.test.TestDemo" tests="7" failures="0" timestamp="3 May 2018 02:40:19 GMT" time="0.036" errors="0">
  <testcase name="f" time="0.002" classname="com.example.websocket.test.TestDemo"/>
  <testcase name="f" time="0.003" classname="com.example.websocket.test.TestDemo"/>
  <testcase name="f" time="0.011" classname="com.example.websocket.test.TestDemo"/>
  <testcase name="f" time="0.002" classname="com.example.websocket.test.TestDemo"/>
  <testcase name="f" time="0.014" classname="com.example.websocket.test.TestDemo"/>
  <testcase name="f" time="0.002" classname="com.example.websocket.test.TestDemo"/>
  <testcase name="f" time="0.002" classname="com.example.websocket.test.TestDemo"/>
</testsuite> <!-- com.example.websocket.test.TestDemo -->
