<?xml version="1.0" encoding="UTF-8"?>
<!-- Generated by org.testng.reporters.JUnitReportReporter -->
<testsuite hostname="admichy-PC" name="com.example.websocket.test.A1Test" tests="2" failures="0" timestamp="3 May 2018 08:15:39 GMT" time="0.011" errors="0">
  <testcase name="testA1" time="0.009" classname="com.example.websocket.test.A1Test"/>
  <testcase name="testA1" time="0.002" classname="com.example.websocket.test.A1Test"/>
</testsuite> <!-- com.example.websocket.test.A1Test -->
