<?xml version="1.0" encoding="UTF-8"?>
<!-- Generated by org.testng.reporters.JUnitReportReporter -->
<testsuite hostname="admichy-PC" name="com.example.websocket.test.D1Test" tests="7" failures="0" timestamp="3 May 2018 08:15:39 GMT" time="0.009" errors="0">
  <testcase name="testD1" time="0.001" classname="com.example.websocket.test.D1Test"/>
  <testcase name="testD1" time="0.000" classname="com.example.websocket.test.D1Test"/>
  <testcase name="testD1" time="0.002" classname="com.example.websocket.test.D1Test"/>
  <testcase name="testD1" time="0.001" classname="com.example.websocket.test.D1Test"/>
  <testcase name="testD1" time="0.004" classname="com.example.websocket.test.D1Test"/>
  <testcase name="testD1" time="0.000" classname="com.example.websocket.test.D1Test"/>
  <testcase name="testD1" time="0.001" classname="com.example.websocket.test.D1Test"/>
</testsuite> <!-- com.example.websocket.test.D1Test -->
